mode: set
github.com/fiap-postech-soat1-group21-stage4/order-api/order-api/adapter/handler/manage.go:21.32,28.2 2 1
github.com/fiap-postech-soat1-group21-stage4/order-api/order-api/adapter/handler/manage.go:30.57,32.2 1 1
github.com/fiap-postech-soat1-group21-stage4/order-api/order-api/adapter/handler/controller/handler.go:14.47,18.2 1 1
github.com/fiap-postech-soat1-group21-stage4/order-api/order-api/adapter/handler/controller/handler.go:21.59,25.2 3 1
github.com/fiap-postech-soat1-group21-stage4/order-api/order-api/adapter/handler/controller/http.go:16.42,18.16 2 0
github.com/fiap-postech-soat1-group21-stage4/order-api/order-api/adapter/handler/controller/http.go:18.16,20.3 1 0
github.com/fiap-postech-soat1-group21-stage4/order-api/order-api/adapter/handler/controller/http.go:22.2,24.34 2 0
github.com/fiap-postech-soat1-group21-stage4/order-api/order-api/adapter/handler/controller/http.go:24.34,26.17 2 0
github.com/fiap-postech-soat1-group21-stage4/order-api/order-api/adapter/handler/controller/http.go:26.17,28.4 1 0
github.com/fiap-postech-soat1-group21-stage4/order-api/order-api/adapter/handler/controller/http.go:30.3,38.35 2 0
github.com/fiap-postech-soat1-group21-stage4/order-api/order-api/adapter/handler/controller/http.go:41.2,46.33 2 0
github.com/fiap-postech-soat1-group21-stage4/order-api/order-api/adapter/handler/controller/http.go:49.49,51.51 2 1
github.com/fiap-postech-soat1-group21-stage4/order-api/order-api/adapter/handler/controller/http.go:51.51,54.3 2 0
github.com/fiap-postech-soat1-group21-stage4/order-api/order-api/adapter/handler/controller/http.go:56.2,62.16 3 1
github.com/fiap-postech-soat1-group21-stage4/order-api/order-api/adapter/handler/controller/http.go:62.16,65.3 2 0
github.com/fiap-postech-soat1-group21-stage4/order-api/order-api/adapter/handler/controller/http.go:67.2,69.35 2 1
github.com/fiap-postech-soat1-group21-stage4/order-api/order-api/adapter/handler/controller/http.go:69.35,76.3 2 1
github.com/fiap-postech-soat1-group21-stage4/order-api/order-api/adapter/handler/controller/http.go:78.2,79.16 2 1
github.com/fiap-postech-soat1-group21-stage4/order-api/order-api/adapter/handler/controller/http.go:79.16,82.3 2 0
github.com/fiap-postech-soat1-group21-stage4/order-api/order-api/adapter/handler/controller/http.go:84.2,93.38 2 1
github.com/fiap-postech-soat1-group21-stage4/order-api/order-api/adapter/repository/db.go:19.41,24.16 3 1
github.com/fiap-postech-soat1-group21-stage4/order-api/order-api/adapter/repository/db.go:24.16,26.3 1 1
github.com/fiap-postech-soat1-group21-stage4/order-api/order-api/adapter/repository/db.go:28.2,30.22 2 0
github.com/fiap-postech-soat1-group21-stage4/order-api/order-api/adapter/repository/db.go:30.22,32.3 1 0
github.com/fiap-postech-soat1-group21-stage4/order-api/order-api/adapter/repository/db.go:34.2,34.22 1 0
github.com/fiap-postech-soat1-group21-stage4/order-api/order-api/adapter/repository/db.go:34.22,36.3 1 0
github.com/fiap-postech-soat1-group21-stage4/order-api/order-api/adapter/repository/db.go:38.2,38.28 1 0
github.com/fiap-postech-soat1-group21-stage4/order-api/order-api/adapter/repository/db.go:38.28,40.3 1 0
github.com/fiap-postech-soat1-group21-stage4/order-api/order-api/adapter/repository/db.go:42.2,42.24 1 0
github.com/fiap-postech-soat1-group21-stage4/order-api/order-api/adapter/repository/db.go:42.24,44.3 1 0
github.com/fiap-postech-soat1-group21-stage4/order-api/order-api/adapter/repository/db.go:46.2,46.8 1 0
github.com/fiap-postech-soat1-group21-stage4/order-api/order-api/adapter/repository/order.go:18.45,20.2 1 1
github.com/fiap-postech-soat1-group21-stage4/order-api/order-api/adapter/repository/order.go:23.78,31.25 5 0
github.com/fiap-postech-soat1-group21-stage4/order-api/order-api/adapter/repository/order.go:31.25,33.3 1 0
github.com/fiap-postech-soat1-group21-stage4/order-api/order-api/adapter/repository/order.go:35.2,38.8 1 0
github.com/fiap-postech-soat1-group21-stage4/order-api/order-api/adapter/repository/order.go:41.101,47.25 4 0
github.com/fiap-postech-soat1-group21-stage4/order-api/order-api/adapter/repository/order.go:47.25,49.3 1 0
github.com/fiap-postech-soat1-group21-stage4/order-api/order-api/adapter/repository/order.go:51.2,51.24 1 0
github.com/fiap-postech-soat1-group21-stage4/order-api/order-api/adapter/repository/order.go:54.94,57.70 2 0
github.com/fiap-postech-soat1-group21-stage4/order-api/order-api/adapter/repository/order.go:57.70,59.3 1 0
github.com/fiap-postech-soat1-group21-stage4/order-api/order-api/adapter/repository/order.go:61.2,61.19 1 0
github.com/fiap-postech-soat1-group21-stage4/order-api/order-api/adapter/repository/order.go:64.118,67.80 2 0
github.com/fiap-postech-soat1-group21-stage4/order-api/order-api/adapter/repository/order.go:67.80,69.3 1 0
github.com/fiap-postech-soat1-group21-stage4/order-api/order-api/adapter/repository/order.go:71.2,71.24 1 0
github.com/fiap-postech-soat1-group21-stage4/order-api/order-api/adapter/repository/order.go:74.96,77.106 2 0
github.com/fiap-postech-soat1-group21-stage4/order-api/order-api/adapter/repository/order.go:77.106,79.3 1 0
github.com/fiap-postech-soat1-group21-stage4/order-api/order-api/adapter/repository/order.go:81.2,81.12 1 0
github.com/fiap-postech-soat1-group21-stage4/order-api/order-api/adapter/repository/repository.go:16.36,18.16 2 1
github.com/fiap-postech-soat1-group21-stage4/order-api/order-api/adapter/repository/repository.go:18.16,20.3 1 0
github.com/fiap-postech-soat1-group21-stage4/order-api/order-api/adapter/repository/repository.go:22.2,26.3 1 1
github.com/fiap-postech-soat1-group21-stage4/order-api/order-api/adapter/repository/repository.go:29.45,31.2 1 1
github.com/fiap-postech-soat1-group21-stage4/order-api/order-api/adapter/repository/repository.go:33.45,35.2 1 1
github.com/fiap-postech-soat1-group21-stage4/order-api/order-api/adapter/repository/repository.go:37.58,39.2 1 1
github.com/fiap-postech-soat1-group21-stage4/order-api/order-api/adapter/repository/repository.go:41.58,43.2 1 1
github.com/fiap-postech-soat1-group21-stage4/order-api/order-api/internal/domain/usecase/order.go:16.72,20.2 1 1
github.com/fiap-postech-soat1-group21-stage4/order-api/order-api/internal/domain/usecase/order.go:23.85,25.16 2 0
github.com/fiap-postech-soat1-group21-stage4/order-api/order-api/internal/domain/usecase/order.go:25.16,27.3 1 0
github.com/fiap-postech-soat1-group21-stage4/order-api/order-api/internal/domain/usecase/order.go:29.2,29.17 1 0
github.com/fiap-postech-soat1-group21-stage4/order-api/order-api/internal/domain/usecase/order.go:32.108,34.16 2 1
github.com/fiap-postech-soat1-group21-stage4/order-api/order-api/internal/domain/usecase/order.go:34.16,36.3 1 0
github.com/fiap-postech-soat1-group21-stage4/order-api/order-api/internal/domain/usecase/order.go:38.2,38.17 1 1
github.com/fiap-postech-soat1-group21-stage4/order-api/order-api/internal/domain/usecase/order.go:41.101,43.16 2 1
github.com/fiap-postech-soat1-group21-stage4/order-api/order-api/internal/domain/usecase/order.go:43.16,45.3 1 0
github.com/fiap-postech-soat1-group21-stage4/order-api/order-api/internal/domain/usecase/order.go:47.2,47.17 1 1
github.com/fiap-postech-soat1-group21-stage4/order-api/order-api/internal/domain/usecase/order.go:50.120,52.16 2 0
github.com/fiap-postech-soat1-group21-stage4/order-api/order-api/internal/domain/usecase/order.go:52.16,54.3 1 0
github.com/fiap-postech-soat1-group21-stage4/order-api/order-api/internal/domain/usecase/order.go:56.2,56.17 1 0
github.com/fiap-postech-soat1-group21-stage4/order-api/order-api/internal/domain/usecase/order.go:59.103,61.16 2 0
github.com/fiap-postech-soat1-group21-stage4/order-api/order-api/internal/domain/usecase/order.go:61.16,63.3 1 0
github.com/fiap-postech-soat1-group21-stage4/order-api/order-api/internal/domain/usecase/order.go:65.2,65.12 1 0
